[01m[K/home/medina/ros_introduction/src/ros_unity_robotics/src/pos_pub.cpp:[m[K In function â€˜[01m[Kint main(int, char**)[m[Kâ€™:
[01m[K/home/medina/ros_introduction/src/ros_unity_robotics/src/pos_pub.cpp:22:5:[m[K [01;31m[Kerror: [m[Kâ€˜[01m[Krpm_pub[m[Kâ€™ was not declared in this scope
     [01;31m[Krpm_pub[m[K.publish(msg);
     [01;31m[K^~~~~~~[m[K
[01m[K/home/medina/ros_introduction/src/ros_unity_robotics/src/pos_pub.cpp:22:5:[m[K [01;36m[Knote: [m[Ksuggested alternative: â€˜[01m[Kpos_pub[m[Kâ€™
     [01;36m[Krpm_pub[m[K.publish(msg);
     [01;36m[K^~~~~~~[m[K
     [32m[Kpos_pub[m[K
make[2]: *** [CMakeFiles/pos_pub.dir/src/pos_pub.cpp.o] Error 1
make[1]: *** [CMakeFiles/pos_pub.dir/all] Error 2
make[1]: *** Waiting for unfinished jobs....
make: *** [all] Error 2
