[01m[K/home/medina/ros_introduction/src/ros_unity_robotics/src/pos_sub.cpp:6:1:[m[K [01;31m[Kerror: [m[Kâ€˜[01m[KPoint[m[Kâ€™ does not name a type; did you mean â€˜[01m[Kuint[m[Kâ€™?
 [01;31m[KPoint[m[K scale;
 [01;31m[K^~~~~[m[K
 [32m[Kuint[m[K
[01m[K/home/medina/ros_introduction/src/ros_unity_robotics/src/pos_sub.cpp:[m[K In function â€˜[01m[Kvoid subCallback(const ConstPtr&)[m[Kâ€™:
[01m[K/home/medina/ros_introduction/src/ros_unity_robotics/src/pos_sub.cpp:18:21:[m[K [01;31m[Kerror: [m[Kâ€˜[01m[Kscale[m[Kâ€™ was not declared in this scope
   speed_pub.publish([01;31m[Kscale[m[K);
                     [01;31m[K^~~~~[m[K
[01m[K/home/medina/ros_introduction/src/ros_unity_robotics/src/pos_sub.cpp:18:21:[m[K [01;36m[Knote: [m[Ksuggested alternative: â€˜[01m[Kscalb[m[Kâ€™
   speed_pub.publish([01;36m[Kscale[m[K);
                     [01;36m[K^~~~~[m[K
                     [32m[Kscalb[m[K
make[2]: *** [CMakeFiles/pos_sub.dir/src/pos_sub.cpp.o] Error 1
make[1]: *** [CMakeFiles/pos_sub.dir/all] Error 2
make: *** [all] Error 2
