[01m[K/home/medina/ros_introduction/src/ros_unity_robotics/src/pos_sub.cpp:[m[K In function â€˜[01m[Kvoid subCallback(const ConstPtr&)[m[Kâ€™:
[01m[K/home/medina/ros_introduction/src/ros_unity_robotics/src/pos_sub.cpp:18:6:[m[K [01;31m[Kerror: [m[Kâ€˜[01m[Kspeed[m[Kâ€™ was not declared in this scope
   if([01;31m[Kspeed[m[K.data < 5)
      [01;31m[K^~~~~[m[K
[01m[K/home/medina/ros_introduction/src/ros_unity_robotics/src/pos_sub.cpp:18:6:[m[K [01;36m[Knote: [m[Ksuggested alternative: â€˜[01m[Ksleep[m[Kâ€™
   if([01;36m[Kspeed[m[K.data < 5)
      [01;36m[K^~~~~[m[K
      [32m[Ksleep[m[K
make[2]: *** [CMakeFiles/pos_sub.dir/src/pos_sub.cpp.o] Error 1
make[1]: *** [CMakeFiles/pos_sub.dir/all] Error 2
make: *** [all] Error 2
