[01m[K/home/medina/ros_introduction/src/ros_unity_robotics/src/joint_unity_sub.cpp:5:58:[m[K [01;31m[Kerror: [m[Kvariable or field â€˜[01m[KsubCallback[m[Kâ€™ declared void
 void subCallback(ros_unity_robotics::Joints_Unity_Robot::[01;31m[Kpick_pose[m[K msg)
                                                          [01;31m[K^~~~~~~~~[m[K
[01m[K/home/medina/ros_introduction/src/ros_unity_robotics/src/joint_unity_sub.cpp:5:58:[m[K [01;31m[Kerror: [m[Kinvalid use of non-static data member â€˜[01m[Kros_unity_robotics::Joints_Unity_Robot_<std::allocator<void> >::pick_pose[m[Kâ€™
In file included from [01m[K/home/medina/ros_introduction/src/ros_unity_robotics/src/joint_unity_sub.cpp:2:0[m[K:
[01m[K/home/medina/ros_introduction/devel/.private/ros_unity_robotics/include/ros_unity_robotics/Joints_Unity_Robot.h:46:19:[m[K [01;36m[Knote: [m[Kdeclared here
   _pick_pose_type [01;36m[Kpick_pose[m[K;
                   [01;36m[K^~~~~~~~~[m[K
[01m[K/home/medina/ros_introduction/src/ros_unity_robotics/src/joint_unity_sub.cpp:[m[K In function â€˜[01m[Kint main(int, char**)[m[Kâ€™:
[01m[K/home/medina/ros_introduction/src/ros_unity_robotics/src/joint_unity_sub.cpp:14:71:[m[K [01;31m[Kerror: [m[Kâ€˜[01m[KsubCallback[m[Kâ€™ was not declared in this scope
   ros::Subscriber pos_sub = node_handle.subscribe("joints_robot", 10, [01;31m[KsubCallback[m[K);
                                                                       [01;31m[K^~~~~~~~~~~[m[K
make[2]: *** [CMakeFiles/joint_unity_sub.dir/src/joint_unity_sub.cpp.o] Error 1
make[1]: *** [CMakeFiles/joint_unity_sub.dir/all] Error 2
make: *** [all] Error 2
