[01m[K/home/medina/ros_introduction/src/ros_unity_robotics/src/pos_pub.cpp:[m[K In function â€˜[01m[Kint main(int, char**)[m[Kâ€™:
[01m[K/home/medina/ros_introduction/src/ros_unity_robotics/src/pos_pub.cpp:26:27:[m[K [01;31m[Kerror: [m[Kexpected primary-expression before â€˜[01m[K)[m[Kâ€™ token
     rpm_pub.publish(time_t[01;31m[K)[m[K;
                           [01;31m[K^[m[K
make[2]: *** [CMakeFiles/pos_pub.dir/src/pos_pub.cpp.o] Error 1
make[1]: *** [CMakeFiles/pos_pub.dir/all] Error 2
make: *** [all] Error 2
